  Animal.cpp
C:\Users\The Dark Tower\Documents\Abertay\Honours project\C++\Hons-Project\EcoResilience\Animal.cpp(18,24): warning C4244: '=': conversion from 'double' to 'float', possible loss of data
C:\Users\The Dark Tower\Documents\Abertay\Honours project\C++\Hons-Project\EcoResilience\Animal.cpp(19,15): warning C4244: '=': conversion from 'double' to 'float', possible loss of data
C:\Users\The Dark Tower\Documents\Abertay\Honours project\C++\Hons-Project\EcoResilience\Animal.cpp(20,21): warning C4244: '=': conversion from 'double' to 'float', possible loss of data
C:\Users\The Dark Tower\Documents\Abertay\Honours project\C++\Hons-Project\EcoResilience\Animal.cpp(29,18): warning C4244: '=': conversion from 'float' to 'int', possible loss of data
C:\Users\The Dark Tower\Documents\Abertay\Honours project\C++\Hons-Project\EcoResilience\Animal.cpp(35,18): warning C4244: '=': conversion from 'float' to 'int', possible loss of data
C:\Users\The Dark Tower\Documents\Abertay\Honours project\C++\Hons-Project\EcoResilience\Animal.cpp(39,23): warning C4244: '=': conversion from 'float' to 'int', possible loss of data
C:\Users\The Dark Tower\Documents\Abertay\Honours project\C++\Hons-Project\EcoResilience\Animal.cpp(49,7): warning C4804: '>': unsafe use of type 'bool' in operation
C:\Users\The Dark Tower\Documents\Abertay\Honours project\C++\Hons-Project\EcoResilience\Animal.cpp(140,18): warning C4244: '=': conversion from 'const _Ty' to 'float', possible loss of data
          with
          [
              _Ty=double
          ]
  Cell.cpp
C:\Users\The Dark Tower\Documents\Abertay\Honours project\C++\Hons-Project\EcoResilience\Cell.cpp(75,23): warning C4244: 'argument': conversion from 'double' to 'float', possible loss of data
C:\Users\The Dark Tower\Documents\Abertay\Honours project\C++\Hons-Project\EcoResilience\Cell.cpp(124,15): warning C4244: 'initializing': conversion from 'double' to 'float', possible loss of data
C:\Users\The Dark Tower\Documents\Abertay\Honours project\C++\Hons-Project\EcoResilience\Cell.cpp(128,41): warning C4244: 'argument': conversion from 'double' to 'float', possible loss of data
C:\Users\The Dark Tower\Documents\Abertay\Honours project\C++\Hons-Project\EcoResilience\Cell.cpp(129,26): warning C4244: 'argument': conversion from 'double' to 'float', possible loss of data
  EcoApp.cpp
  Plant.cpp
C:\Users\The Dark Tower\Documents\Abertay\Honours project\C++\Hons-Project\EcoResilience\Plant.cpp(105,18): warning C4244: '=': conversion from 'const _Ty' to 'float', possible loss of data
          with
          [
              _Ty=double
          ]
  World.cpp
C:\Users\The Dark Tower\Documents\Abertay\Honours project\C++\Hons-Project\EcoResilience\CPerlinNoise\CPerlinNoise.h(48,18): warning C4244: 'return': conversion from 'double' to 'const float', possible loss of data
C:\Users\The Dark Tower\Documents\Abertay\Honours project\C++\Hons-Project\EcoResilience\World.cpp(40,20): warning C4244: 'initializing': conversion from 'double' to 'float', possible loss of data
C:\Users\The Dark Tower\Documents\Abertay\Honours project\C++\Hons-Project\EcoResilience\World.cpp(77,33): warning C4244: 'initializing': conversion from 'int' to 'float', possible loss of data
C:\Users\The Dark Tower\Documents\Abertay\Honours project\C++\Hons-Project\EcoResilience\World.cpp(77,27): warning C4244: 'initializing': conversion from 'int' to 'const float', possible loss of data
C:\Users\The Dark Tower\Documents\Abertay\Honours project\C++\Hons-Project\EcoResilience\World.cpp(78,31): warning C4244: 'initializing': conversion from 'int' to 'float', possible loss of data
C:\Users\The Dark Tower\Documents\Abertay\Honours project\C++\Hons-Project\EcoResilience\World.cpp(78,25): warning C4244: 'initializing': conversion from 'int' to 'const float', possible loss of data
C:\Users\The Dark Tower\Documents\Abertay\Honours project\C++\Hons-Project\EcoResilience\World.cpp(79,33): warning C4244: 'initializing': conversion from 'int' to 'float', possible loss of data
C:\Users\The Dark Tower\Documents\Abertay\Honours project\C++\Hons-Project\EcoResilience\World.cpp(79,27): warning C4244: 'initializing': conversion from 'int' to 'const float', possible loss of data
C:\Users\The Dark Tower\Documents\Abertay\Honours project\C++\Hons-Project\EcoResilience\World.cpp(80,32): warning C4244: 'initializing': conversion from 'int' to 'float', possible loss of data
C:\Users\The Dark Tower\Documents\Abertay\Honours project\C++\Hons-Project\EcoResilience\World.cpp(80,26): warning C4244: 'initializing': conversion from 'int' to 'const float', possible loss of data
C:\Users\The Dark Tower\Documents\Abertay\Honours project\C++\Hons-Project\EcoResilience\World.cpp(81,36): warning C4244: 'initializing': conversion from 'int' to 'float', possible loss of data
C:\Users\The Dark Tower\Documents\Abertay\Honours project\C++\Hons-Project\EcoResilience\World.cpp(81,30): warning C4244: 'initializing': conversion from 'int' to 'const float', possible loss of data
C:\Users\The Dark Tower\Documents\Abertay\Honours project\C++\Hons-Project\EcoResilience\World.cpp(91,17): warning C4244: 'initializing': conversion from 'double' to 'float', possible loss of data
C:\Users\The Dark Tower\Documents\Abertay\Honours project\C++\Hons-Project\EcoResilience\World.cpp(97,20): warning C4244: 'initializing': conversion from 'double' to 'float', possible loss of data
C:\Users\The Dark Tower\Documents\Abertay\Honours project\C++\Hons-Project\EcoResilience\World.cpp(103,21): warning C4244: 'initializing': conversion from 'double' to 'float', possible loss of data
C:\Users\The Dark Tower\Documents\Abertay\Honours project\C++\Hons-Project\EcoResilience\World.cpp(122,17): warning C4244: 'initializing': conversion from 'double' to 'int', possible loss of data
C:\Users\The Dark Tower\Documents\Abertay\Honours project\C++\Hons-Project\EcoResilience\World.cpp(128,21): warning C4244: 'initializing': conversion from 'double' to 'int', possible loss of data
C:\Users\The Dark Tower\Documents\Abertay\Honours project\C++\Hons-Project\EcoResilience\World.cpp(241,57): warning C4244: 'argument': conversion from 'double' to 'float', possible loss of data
C:\Users\The Dark Tower\Documents\Abertay\Honours project\C++\Hons-Project\EcoResilience\World.cpp(254,57): warning C4244: 'argument': conversion from 'double' to 'float', possible loss of data
C:\Users\The Dark Tower\Documents\Abertay\Honours project\C++\Hons-Project\EcoResilience\World.cpp(267,57): warning C4244: 'argument': conversion from 'double' to 'float', possible loss of data
C:\Users\The Dark Tower\Documents\Abertay\Honours project\C++\Hons-Project\EcoResilience\World.cpp(280,57): warning C4244: 'argument': conversion from 'double' to 'float', possible loss of data
C:\Users\The Dark Tower\Documents\Abertay\Honours project\C++\Hons-Project\EcoResilience\World.cpp(293,57): warning C4244: 'argument': conversion from 'double' to 'float', possible loss of data
C:\Users\The Dark Tower\Documents\Abertay\Honours project\C++\Hons-Project\EcoResilience\World.cpp(306,57): warning C4244: 'argument': conversion from 'double' to 'float', possible loss of data
C:\Users\The Dark Tower\Documents\Abertay\Honours project\C++\Hons-Project\EcoResilience\World.cpp(319,57): warning C4244: 'argument': conversion from 'double' to 'float', possible loss of data
C:\Users\The Dark Tower\Documents\Abertay\Honours project\C++\Hons-Project\EcoResilience\World.cpp(332,57): warning C4244: 'argument': conversion from 'double' to 'float', possible loss of data
C:\Users\The Dark Tower\Documents\Abertay\Honours project\C++\Hons-Project\EcoResilience\World.cpp(345,57): warning C4244: 'argument': conversion from 'double' to 'float', possible loss of data
C:\Users\The Dark Tower\Documents\Abertay\Honours project\C++\Hons-Project\EcoResilience\World.cpp(358,57): warning C4244: 'argument': conversion from 'double' to 'float', possible loss of data
C:\Users\The Dark Tower\Documents\Abertay\Honours project\C++\Hons-Project\EcoResilience\World.cpp(371,57): warning C4244: 'argument': conversion from 'double' to 'float', possible loss of data
C:\Users\The Dark Tower\Documents\Abertay\Honours project\C++\Hons-Project\EcoResilience\World.cpp(384,57): warning C4244: 'argument': conversion from 'double' to 'float', possible loss of data
C:\Users\The Dark Tower\Documents\Abertay\Honours project\C++\Hons-Project\EcoResilience\World.cpp(776,33): warning C4244: 'initializing': conversion from 'int' to 'float', possible loss of data
C:\Users\The Dark Tower\Documents\Abertay\Honours project\C++\Hons-Project\EcoResilience\World.cpp(776,27): warning C4244: 'initializing': conversion from 'int' to 'const float', possible loss of data
C:\Users\The Dark Tower\Documents\Abertay\Honours project\C++\Hons-Project\EcoResilience\World.cpp(783,17): warning C4244: 'initializing': conversion from 'double' to 'float', possible loss of data
C:\Program Files\Microsoft Visual Studio\2022\Community\VC\Tools\MSVC\14.35.32215\include\utility(172,16): warning C4244: 'initializing': conversion from '_Ty' to '_Ty1', possible loss of data
          with
          [
              _Ty=int
          ]
          and
          [
              _Ty1=float
          ]
C:\Users\The Dark Tower\Documents\Abertay\Honours project\C++\Hons-Project\EcoResilience\World.cpp(402,49): message : see reference to function template instantiation 'std::pair<float,int>::pair<int,int&,0>(_Other1 &&,_Other2) noexcept' being compiled
          with
          [
              _Other1=int,
              _Other2=int &
          ]
C:\Users\The Dark Tower\Documents\Abertay\Honours project\C++\Hons-Project\EcoResilience\World.cpp(402,22): message : see reference to function template instantiation 'std::pair<float,int>::pair<int,int&,0>(_Other1 &&,_Other2) noexcept' being compiled
          with
          [
              _Other1=int,
              _Other2=int &
          ]
  Generating Code...
  EcoResilience.vcxproj -> C:\Users\The Dark Tower\Documents\Abertay\Honours project\C++\Hons-Project\Ecosystem Demonstration\x64\Debug\EcoResilience.lib
