  DemoApp.cpp
C:\Users\The Dark Tower\Documents\Abertay\Honours project\C++\Hons-Project\Ecosystem Demonstration\Source\DemoApp.cpp(15,1): warning C4305: 'initializing': truncation from 'double' to 'float'
C:\Users\The Dark Tower\Documents\Abertay\Honours project\C++\Hons-Project\Ecosystem Demonstration\Source\DemoApp.cpp(17,15): warning C4244: 'argument': conversion from 'time_t' to 'unsigned int', possible loss of data
C:\Users\The Dark Tower\Documents\Abertay\Honours project\C++\Hons-Project\Ecosystem Demonstration\Source\DemoApp.cpp(67,73): warning C4244: 'argument': conversion from 'unsigned int' to 'T', possible loss of data
          with
          [
              T=float
          ]
C:\Users\The Dark Tower\Documents\Abertay\Honours project\C++\Hons-Project\Ecosystem Demonstration\Source\DemoApp.cpp(67,55): warning C4244: 'argument': conversion from 'unsigned int' to 'T', possible loss of data
          with
          [
              T=float
          ]
C:\Users\The Dark Tower\Documents\Abertay\Honours project\C++\Hons-Project\Ecosystem Demonstration\Source\DemoApp.cpp(208,79): warning C4244: '=': conversion from '_Ty' to 'int', possible loss of data
          with
          [
              _Ty=float
          ]
C:\Users\The Dark Tower\Documents\Abertay\Honours project\C++\Hons-Project\Ecosystem Demonstration\Source\DemoApp.cpp(212,44): warning C4244: 'argument': conversion from 'int' to 'T', possible loss of data
          with
          [
              T=float
          ]
C:\Users\The Dark Tower\Documents\Abertay\Honours project\C++\Hons-Project\Ecosystem Demonstration\Source\DemoApp.cpp(212,34): warning C4244: 'argument': conversion from 'int' to 'T', possible loss of data
          with
          [
              T=float
          ]
C:\Users\The Dark Tower\Documents\Abertay\Honours project\C++\Hons-Project\Ecosystem Demonstration\Source\DemoApp.cpp(221,136): warning C4244: 'argument': conversion from 'int' to 'T', possible loss of data
          with
          [
              T=float
          ]
C:\Users\The Dark Tower\Documents\Abertay\Honours project\C++\Hons-Project\Ecosystem Demonstration\Source\DemoApp.cpp(221,70): warning C4244: 'argument': conversion from 'int' to 'T', possible loss of data
          with
          [
              T=float
          ]
C:\Users\The Dark Tower\Documents\Abertay\Honours project\C++\Hons-Project\Ecosystem Demonstration\Source\DemoApp.cpp(265,42): warning C4244: 'argument': conversion from 'float' to 'sf::Uint8', possible loss of data
C:\Users\The Dark Tower\Documents\Abertay\Honours project\C++\Hons-Project\Ecosystem Demonstration\Source\DemoApp.cpp(276,26): warning C4244: 'initializing': conversion from 'float' to 'int', possible loss of data
C:\Users\The Dark Tower\Documents\Abertay\Honours project\C++\Hons-Project\Ecosystem Demonstration\Source\DemoApp.cpp(308,119): warning C4244: 'argument': conversion from 'float' to 'sf::Uint8', possible loss of data
C:\Users\The Dark Tower\Documents\Abertay\Honours project\C++\Hons-Project\Ecosystem Demonstration\Source\DemoApp.cpp(308,78): warning C4244: 'argument': conversion from 'float' to 'sf::Uint8', possible loss of data
C:\Users\The Dark Tower\Documents\Abertay\Honours project\C++\Hons-Project\Ecosystem Demonstration\Source\DemoApp.cpp(308,38): warning C4244: 'argument': conversion from 'float' to 'sf::Uint8', possible loss of data
C:\Users\The Dark Tower\Documents\Abertay\Honours project\C++\Hons-Project\Ecosystem Demonstration\Source\DemoApp.cpp(311,26): warning C4244: 'initializing': conversion from 'float' to 'int', possible loss of data
  Main.cpp
  Generating code
  101 of 2043 functions ( 4.9%) were compiled, the rest were copied from previous compilation.
    0 functions were new in current compilation
    69 functions had inline decision re-evaluated but remain unchanged
  Finished generating code
  Ecosystem Demonstration.vcxproj -> C:\Users\The Dark Tower\Documents\Abertay\Honours project\C++\Hons-Project\Ecosystem Demonstration\x64\Release\Ecosystem Demonstration.exe
