  DemoApp.cpp
C:\Users\The Dark Tower\Documents\Abertay\Honours project\C++\Hons-Project\Ecosystem Demonstration\Source\DemoApp.cpp(7,15): warning C4244: 'argument': conversion from 'time_t' to 'unsigned int', possible loss of data
C:\Users\The Dark Tower\Documents\Abertay\Honours project\C++\Hons-Project\Ecosystem Demonstration\Source\DemoApp.cpp(65,73): warning C4244: 'argument': conversion from 'unsigned int' to 'T', possible loss of data
          with
          [
              T=float
          ]
C:\Users\The Dark Tower\Documents\Abertay\Honours project\C++\Hons-Project\Ecosystem Demonstration\Source\DemoApp.cpp(65,55): warning C4244: 'argument': conversion from 'unsigned int' to 'T', possible loss of data
          with
          [
              T=float
          ]
C:\Users\The Dark Tower\Documents\Abertay\Honours project\C++\Hons-Project\Ecosystem Demonstration\Source\DemoApp.cpp(103,44): warning C4244: 'argument': conversion from 'int' to 'T', possible loss of data
          with
          [
              T=float
          ]
C:\Users\The Dark Tower\Documents\Abertay\Honours project\C++\Hons-Project\Ecosystem Demonstration\Source\DemoApp.cpp(103,34): warning C4244: 'argument': conversion from 'int' to 'T', possible loss of data
          with
          [
              T=float
          ]
C:\Users\The Dark Tower\Documents\Abertay\Honours project\C++\Hons-Project\Ecosystem Demonstration\Source\DemoApp.cpp(109,64): warning C4244: '=': conversion from 'int' to 'T', possible loss of data
          with
          [
              T=float
          ]
C:\Users\The Dark Tower\Documents\Abertay\Honours project\C++\Hons-Project\Ecosystem Demonstration\Source\DemoApp.cpp(110,63): warning C4244: '=': conversion from 'int' to 'T', possible loss of data
          with
          [
              T=float
          ]
C:\Users\The Dark Tower\Documents\Abertay\Honours project\C++\Hons-Project\Ecosystem Demonstration\Source\DemoApp.cpp(115,22): warning C4244: 'initializing': conversion from 'float' to 'int', possible loss of data
  Main.cpp
  Generating Code...
  Ecosystem Demonstration.vcxproj -> C:\Users\The Dark Tower\Documents\Abertay\Honours project\C++\Hons-Project\Ecosystem Demonstration\x64\Debug\Ecosystem Demonstration.exe
